<?xml version="1.0" encoding="UTF-8"?>
<!-- Generated by org.testng.reporters.JUnitXMLReporter -->
<testsuite hostname="goodday-VAIO" ignored="0" name="Test" tests="2" failures="1" timestamp="29 Mar 2019 13:17:49 GMT" time="36.906" errors="0">
  <testcase name="dashboard" time="15.954" classname="com.schoolapp.taseCases.TC_LoginDDL_002">
    <failure type="java.lang.NullPointerException">
      <![CDATA[java.lang.NullPointerException
at com.schoolapp.pageObject.Admin.clickOnAdminButton(Admin.java:18)
at com.schoolapp.taseCases.TC_LoginDDL_002.dashboard(TC_LoginDDL_002.java:22)
... Removed 25 stack frames]]>
    </failure>
  </testcase> <!-- dashboard -->
  <testcase name="loginTest" time="6.522" classname="com.schoolapp.taseCases.TC_Login_001"/>
</testsuite> <!-- Test -->
