<?xml version="1.0" encoding="UTF-8"?>
<testng-results skipped="0" failed="1" ignored="0" total="2" passed="1">
  <reporter-output>
  </reporter-output>
  <suite name="Suite" duration-ms="36906" started-at="2019-03-29T13:17:12Z" finished-at="2019-03-29T13:17:49Z">
    <groups>
    </groups>
    <test name="Test" duration-ms="36906" started-at="2019-03-29T13:17:12Z" finished-at="2019-03-29T13:17:49Z">
      <class name="com.schoolapp.taseCases.TC_Login_001">
        <test-method status="PASS" signature="setup()[pri:0, instance:com.schoolapp.taseCases.TC_Login_001@53b32d7]" name="setup" is-config="true" duration-ms="3445" started-at="2019-03-29T13:17:39Z" finished-at="2019-03-29T13:17:42Z">
          <reporter-output>
          </reporter-output>
        </test-method> <!-- setup -->
        <test-method status="PASS" signature="loginTest()[pri:0, instance:com.schoolapp.taseCases.TC_Login_001@53b32d7]" name="loginTest" duration-ms="6522" started-at="2019-03-29T13:17:42Z" finished-at="2019-03-29T13:17:49Z">
          <reporter-output>
          </reporter-output>
        </test-method> <!-- loginTest -->
      </class> <!-- com.schoolapp.taseCases.TC_Login_001 -->
      <class name="com.schoolapp.taseCases.TC_LoginDDL_002">
        <test-method status="PASS" signature="setup()[pri:0, instance:com.schoolapp.taseCases.TC_LoginDDL_002@343f4d3d]" name="setup" is-config="true" duration-ms="10947" started-at="2019-03-29T13:17:12Z" finished-at="2019-03-29T13:17:23Z">
          <reporter-output>
          </reporter-output>
        </test-method> <!-- setup -->
        <test-method status="FAIL" signature="dashboard()[pri:0, instance:com.schoolapp.taseCases.TC_LoginDDL_002@343f4d3d]" name="dashboard" duration-ms="15954" started-at="2019-03-29T13:17:23Z" finished-at="2019-03-29T13:17:39Z">
          <exception class="java.lang.NullPointerException">
            <full-stacktrace>
              <![CDATA[java.lang.NullPointerException
at com.schoolapp.pageObject.Admin.clickOnAdminButton(Admin.java:18)
at com.schoolapp.taseCases.TC_LoginDDL_002.dashboard(TC_LoginDDL_002.java:22)
at sun.reflect.NativeMethodAccessorImpl.invoke0(Native Method)
at sun.reflect.NativeMethodAccessorImpl.invoke(Unknown Source)
at sun.reflect.DelegatingMethodAccessorImpl.invoke(Unknown Source)
at java.lang.reflect.Method.invoke(Unknown Source)
at org.testng.internal.MethodInvocationHelper.invokeMethod(MethodInvocationHelper.java:124)
at org.testng.internal.Invoker.invokeMethod(Invoker.java:583)
at org.testng.internal.Invoker.invokeTestMethod(Invoker.java:719)
at org.testng.internal.Invoker.invokeTestMethods(Invoker.java:989)
at org.testng.internal.TestMethodWorker.invokeTestMethods(TestMethodWorker.java:125)
at org.testng.internal.TestMethodWorker.run(TestMethodWorker.java:109)
at org.testng.TestRunner.privateRun(TestRunner.java:648)
at org.testng.TestRunner.run(TestRunner.java:505)
at org.testng.SuiteRunner.runTest(SuiteRunner.java:455)
at org.testng.SuiteRunner.runSequentially(SuiteRunner.java:450)
at org.testng.SuiteRunner.privateRun(SuiteRunner.java:415)
at org.testng.SuiteRunner.run(SuiteRunner.java:364)
at org.testng.SuiteRunnerWorker.runSuite(SuiteRunnerWorker.java:52)
at org.testng.SuiteRunnerWorker.run(SuiteRunnerWorker.java:84)
at org.testng.TestNG.runSuitesSequentially(TestNG.java:1208)
at org.testng.TestNG.runSuitesLocally(TestNG.java:1137)
at org.testng.TestNG.runSuites(TestNG.java:1049)
at org.testng.TestNG.run(TestNG.java:1017)
at org.testng.remote.AbstractRemoteTestNG.run(AbstractRemoteTestNG.java:114)
at org.testng.remote.RemoteTestNG.initAndRun(RemoteTestNG.java:251)
at org.testng.remote.RemoteTestNG.main(RemoteTestNG.java:77)
]]>
            </full-stacktrace>
          </exception> <!-- java.lang.NullPointerException -->
          <reporter-output>
          </reporter-output>
        </test-method> <!-- dashboard -->
      </class> <!-- com.schoolapp.taseCases.TC_LoginDDL_002 -->
    </test> <!-- Test -->
  </suite> <!-- Suite -->
</testng-results>
